<?xml version="1.0" encoding="UTF-8"?>
<!-- Generated by org.testng.reporters.JUnitReportReporter -->
<testsuite hostname="LAPTOP-9674UGGD" name="com.testrunner.TestRunnerClass" tests="3" failures="0" timestamp="19 Feb 2020 09:34:49 GMT" time="161.933" errors="0">
  <testcase name="runScenario" time="58.070" classname="com.testrunner.TestRunnerClass"/>
  <testcase name="runScenario" time="50.364" classname="com.testrunner.TestRunnerClass"/>
  <testcase name="runScenario" time="53.499" classname="com.testrunner.TestRunnerClass"/>
</testsuite> <!-- com.testrunner.TestRunnerClass -->
